<?xml version="1.0" encoding="UTF-8"?>
<!-- Generated by org.testng.reporters.JUnitXMLReporter -->
<testsuite hostname="LAPTOP-18R30RO2" name="Default test" tests="3" failures="0" timestamp="26 Apr 2024 06:05:25 GMT" time="0.018" errors="0">
  <testcase name="testcase1" time="0.002" classname="testngbasics.TestNgDemo"/>
  <testcase name="testcase2" time="0.001" classname="testngbasics.TestNgDemo"/>
  <testcase name="testcase3" time="0.0" classname="testngbasics.TestNgDemo"/>
</testsuite> <!-- Default test -->
