<?xml version="1.0" encoding="UTF-8"?>
<testng-results skipped="0" failed="0" total="3" passed="3">
  <reporter-output>
  </reporter-output>
  <suite name="Default suite" duration-ms="18" started-at="2024-04-26T06:05:25Z" finished-at="2024-04-26T06:05:25Z">
    <groups>
      <group name="courses">
        <method signature="TestNgDemo.testcase3()[pri:2, instance:testngbasics.TestNgDemo@591f989e]" name="testcase3" class="testngbasics.TestNgDemo"/>
      </group> <!-- courses -->
      <group name="login">
        <method signature="TestNgDemo.testcase1()[pri:1, instance:testngbasics.TestNgDemo@591f989e]" name="testcase1" class="testngbasics.TestNgDemo"/>
        <method signature="TestNgDemo.testcase2()[pri:0, instance:testngbasics.TestNgDemo@591f989e]" name="testcase2" class="testngbasics.TestNgDemo"/>
      </group> <!-- login -->
    </groups>
    <test name="Default test" duration-ms="18" started-at="2024-04-26T06:05:25Z" finished-at="2024-04-26T06:05:25Z">
      <class name="testngbasics.TestNgDemo">
        <test-method status="PASS" signature="beforeSuite()[pri:0, instance:testngbasics.TestNgDemo@591f989e]" name="beforeSuite" is-config="true" duration-ms="8" started-at="2024-04-26T11:35:25Z" finished-at="2024-04-26T11:35:25Z">
          <reporter-output>
          </reporter-output>
        </test-method> <!-- beforeSuite -->
        <test-method status="PASS" signature="beforeTest()[pri:0, instance:testngbasics.TestNgDemo@591f989e]" name="beforeTest" is-config="true" duration-ms="0" started-at="2024-04-26T11:35:25Z" finished-at="2024-04-26T11:35:25Z">
          <reporter-output>
          </reporter-output>
        </test-method> <!-- beforeTest -->
        <test-method status="PASS" signature="beforeClass()[pri:0, instance:testngbasics.TestNgDemo@591f989e]" name="beforeClass" is-config="true" duration-ms="1" started-at="2024-04-26T11:35:25Z" finished-at="2024-04-26T11:35:25Z">
          <reporter-output>
          </reporter-output>
        </test-method> <!-- beforeClass -->
        <test-method status="PASS" signature="beforeMethod()[pri:0, instance:testngbasics.TestNgDemo@591f989e]" name="beforeMethod" is-config="true" duration-ms="0" started-at="2024-04-26T11:35:25Z" finished-at="2024-04-26T11:35:25Z">
          <reporter-output>
          </reporter-output>
        </test-method> <!-- beforeMethod -->
        <test-method status="PASS" signature="testcase1()[pri:1, instance:testngbasics.TestNgDemo@591f989e]" name="testcase1" duration-ms="2" started-at="2024-04-26T11:35:25Z" finished-at="2024-04-26T11:35:25Z">
          <reporter-output>
          </reporter-output>
        </test-method> <!-- testcase1 -->
        <test-method status="PASS" signature="afterMethod()[pri:0, instance:testngbasics.TestNgDemo@591f989e]" name="afterMethod" is-config="true" duration-ms="0" started-at="2024-04-26T11:35:25Z" finished-at="2024-04-26T11:35:25Z">
          <reporter-output>
          </reporter-output>
        </test-method> <!-- afterMethod -->
        <test-method status="PASS" signature="beforeMethod()[pri:0, instance:testngbasics.TestNgDemo@591f989e]" name="beforeMethod" is-config="true" duration-ms="0" started-at="2024-04-26T11:35:25Z" finished-at="2024-04-26T11:35:25Z">
          <reporter-output>
          </reporter-output>
        </test-method> <!-- beforeMethod -->
        <test-method status="PASS" signature="testcase2()[pri:0, instance:testngbasics.TestNgDemo@591f989e]" name="testcase2" duration-ms="1" started-at="2024-04-26T11:35:25Z" depends-on-methods="testngbasics.TestNgDemo.testcase1" finished-at="2024-04-26T11:35:25Z">
          <reporter-output>
          </reporter-output>
        </test-method> <!-- testcase2 -->
        <test-method status="PASS" signature="afterMethod()[pri:0, instance:testngbasics.TestNgDemo@591f989e]" name="afterMethod" is-config="true" duration-ms="1" started-at="2024-04-26T11:35:25Z" finished-at="2024-04-26T11:35:25Z">
          <reporter-output>
          </reporter-output>
        </test-method> <!-- afterMethod -->
        <test-method status="PASS" signature="beforeMethod()[pri:0, instance:testngbasics.TestNgDemo@591f989e]" name="beforeMethod" is-config="true" duration-ms="0" started-at="2024-04-26T11:35:25Z" finished-at="2024-04-26T11:35:25Z">
          <reporter-output>
          </reporter-output>
        </test-method> <!-- beforeMethod -->
        <test-method status="PASS" signature="afterMethod()[pri:0, instance:testngbasics.TestNgDemo@591f989e]" name="afterMethod" is-config="true" duration-ms="1" started-at="2024-04-26T11:35:25Z" finished-at="2024-04-26T11:35:25Z">
          <reporter-output>
          </reporter-output>
        </test-method> <!-- afterMethod -->
        <test-method status="PASS" signature="testcase3()[pri:2, instance:testngbasics.TestNgDemo@591f989e]" name="testcase3" duration-ms="0" depends-on-groups="login" started-at="2024-04-26T11:35:25Z" finished-at="2024-04-26T11:35:25Z">
          <reporter-output>
          </reporter-output>
        </test-method> <!-- testcase3 -->
        <test-method status="PASS" signature="afterClass()[pri:0, instance:testngbasics.TestNgDemo@591f989e]" name="afterClass" is-config="true" duration-ms="0" started-at="2024-04-26T11:35:25Z" finished-at="2024-04-26T11:35:25Z">
          <reporter-output>
          </reporter-output>
        </test-method> <!-- afterClass -->
        <test-method status="PASS" signature="afterTest()[pri:0, instance:testngbasics.TestNgDemo@591f989e]" name="afterTest" is-config="true" duration-ms="0" started-at="2024-04-26T11:35:25Z" finished-at="2024-04-26T11:35:25Z">
          <reporter-output>
          </reporter-output>
        </test-method> <!-- afterTest -->
        <test-method status="PASS" signature="afterSuite()[pri:0, instance:testngbasics.TestNgDemo@591f989e]" name="afterSuite" is-config="true" duration-ms="0" started-at="2024-04-26T11:35:25Z" finished-at="2024-04-26T11:35:25Z">
          <reporter-output>
          </reporter-output>
        </test-method> <!-- afterSuite -->
      </class> <!-- testngbasics.TestNgDemo -->
    </test> <!-- Default test -->
  </suite> <!-- Default suite -->
</testng-results>
